<?xml version="1.0" encoding="UTF-8"?>
<!-- Generated by org.testng.reporters.JUnitXMLReporter -->
<testsuite hostname="auctionata.local" ignored="0" name="Default test" tests="6" failures="0" timestamp="05 Mar 2018 10:43:12 GMT" time="2.036" errors="0">
  <testcase name="Test_01" time="1.263" classname="APITesting.com.org.api.JasonServerRequests"/>
  <testcase name="Test_02" time="0.073" classname="APITesting.com.org.api.JasonServerRequests"/>
  <testcase name="Test_03" time="0.487" classname="APITesting.com.org.api.JasonServerRequests"/>
  <testcase name="Test_04" time="0.048" classname="APITesting.com.org.api.JasonServerRequests"/>
  <testcase name="Test_05" time="0.033" classname="APITesting.com.org.api.JasonServerRequests"/>
  <testcase name="Test_06" time="0.075" classname="APITesting.com.org.api.JasonServerRequests"/>
</testsuite> <!-- Default test -->
