<?xml version="1.0" encoding="UTF-8"?>
<testng-results skipped="0" failed="0" ignored="0" total="9" passed="9">
  <reporter-output>
  </reporter-output>
  <suite name="Default suite" duration-ms="2512" started-at="2018-03-08T12:05:49Z" finished-at="2018-03-08T12:05:51Z">
    <groups>
    </groups>
    <test name="Default test" duration-ms="2512" started-at="2018-03-08T12:05:49Z" finished-at="2018-03-08T12:05:51Z">
      <class name="APITesting.com.org.api.JasonServerRequests">
        <test-method status="PASS" signature="Test_01()[pri:0, instance:APITesting.com.org.api.JasonServerRequests@1794d431]" name="Test_01" duration-ms="1259" started-at="2018-03-08T13:05:49Z" finished-at="2018-03-08T13:05:50Z">
          <reporter-output>
          </reporter-output>
        </test-method> <!-- Test_01 -->
        <test-method status="PASS" signature="Test_02()[pri:0, instance:APITesting.com.org.api.JasonServerRequests@1794d431]" name="Test_02" duration-ms="92" started-at="2018-03-08T13:05:50Z" finished-at="2018-03-08T13:05:50Z">
          <reporter-output>
          </reporter-output>
        </test-method> <!-- Test_02 -->
        <test-method status="PASS" signature="Test_03()[pri:0, instance:APITesting.com.org.api.JasonServerRequests@1794d431]" name="Test_03" duration-ms="499" started-at="2018-03-08T13:05:50Z" finished-at="2018-03-08T13:05:51Z">
          <reporter-output>
          </reporter-output>
        </test-method> <!-- Test_03 -->
        <test-method status="PASS" signature="Test_04()[pri:0, instance:APITesting.com.org.api.JasonServerRequests@1794d431]" name="Test_04" duration-ms="32" started-at="2018-03-08T13:05:51Z" finished-at="2018-03-08T13:05:51Z">
          <reporter-output>
          </reporter-output>
        </test-method> <!-- Test_04 -->
        <test-method status="PASS" signature="Test_05()[pri:0, instance:APITesting.com.org.api.JasonServerRequests@1794d431]" name="Test_05" duration-ms="33" started-at="2018-03-08T13:05:51Z" finished-at="2018-03-08T13:05:51Z">
          <reporter-output>
          </reporter-output>
        </test-method> <!-- Test_05 -->
        <test-method status="PASS" signature="Test_06()[pri:0, instance:APITesting.com.org.api.JasonServerRequests@1794d431]" name="Test_06" duration-ms="50" started-at="2018-03-08T13:05:51Z" finished-at="2018-03-08T13:05:51Z">
          <reporter-output>
          </reporter-output>
        </test-method> <!-- Test_06 -->
        <test-method status="PASS" signature="Test_07()[pri:0, instance:APITesting.com.org.api.JasonServerRequests@1794d431]" name="Test_07" duration-ms="422" started-at="2018-03-08T13:05:51Z" finished-at="2018-03-08T13:05:51Z">
          <reporter-output>
          </reporter-output>
        </test-method> <!-- Test_07 -->
        <test-method status="PASS" signature="Test_08()[pri:0, instance:APITesting.com.org.api.JasonServerRequests@1794d431]" name="Test_08" duration-ms="28" started-at="2018-03-08T13:05:51Z" finished-at="2018-03-08T13:05:51Z">
          <reporter-output>
          </reporter-output>
        </test-method> <!-- Test_08 -->
        <test-method status="PASS" signature="Test_09()[pri:0, instance:APITesting.com.org.api.JasonServerRequests@1794d431]" name="Test_09" duration-ms="26" started-at="2018-03-08T13:05:51Z" finished-at="2018-03-08T13:05:51Z">
          <reporter-output>
          </reporter-output>
        </test-method> <!-- Test_09 -->
      </class> <!-- APITesting.com.org.api.JasonServerRequests -->
    </test> <!-- Default test -->
  </suite> <!-- Default suite -->
</testng-results>
